2020-09-13 17:21:53,971 : INFO : ---- Стадия загрузки --------------------------------------
2020-09-13 17:21:53,971 : DEBUG : FileCat загрузил библеотеки
2020-09-13 17:21:53,972 : DEBUG : FileCat загрузил файлы конфигурации
2020-09-13 17:21:53,973 : DEBUG : FileCat загрузил пользовательские сохранения
2020-09-13 17:21:53,974 : DEBUG : FileCat загрузил языковой словарь
2020-09-13 17:21:54,124 : DEBUG : FileCat успешно создал окно
2020-09-13 17:21:54,127 : DEBUG : FileCat загрузил элемент окна под названием 'language_change_B'
2020-09-13 17:21:54,128 : DEBUG : FileCat загрузил элемент окна под названием 'version_text_var'
2020-09-13 17:21:54,130 : DEBUG : FileCat загрузил элемент окна под названием 'bit_progressbar'
2020-09-13 17:21:54,131 : DEBUG : FileCat загрузил элемент окна под названием 'bit_progressbar_value_text'
2020-09-13 17:21:54,132 : DEBUG : FileCat загрузил элемент окна под названием 'money_vaule_text'
2020-09-13 17:21:54,214 : DEBUG : STREAM b'IHDR' 16 13
2020-09-13 17:21:54,215 : DEBUG : STREAM b'zTXt' 41 113
2020-09-13 17:21:54,216 : DEBUG : STREAM b'pHYs' 166 9
2020-09-13 17:21:54,216 : DEBUG : STREAM b'IDAT' 187 2459
2020-09-13 17:21:54,280 : DEBUG : FileCat загрузил элемент окна под названием 'money_img'
2020-09-13 17:21:54,281 : DEBUG : FileCat загрузил функцию 'language_change_click'
2020-09-13 17:21:54,281 : DEBUG : FileCat загрузил функцию 'loading_text_language'
2020-09-13 17:21:54,281 : DEBUG : FileCat забиндил 'language_change_B' к функцие 'language_change_click'
2020-09-13 17:21:54,282 : DEBUG : FileCat поставил элемент 'language_change_B'
2020-09-13 17:21:54,282 : DEBUG : FileCat поставил элемент 'version_text_var'
2020-09-13 17:21:54,282 : DEBUG : FileCat поставил элемент 'bit_progressbar'
2020-09-13 17:21:54,283 : DEBUG : FileCat поставил элемент 'bit_progressbar_value_text'
2020-09-13 17:21:54,283 : DEBUG : FileCat поставил элемент 'money_vaule_text'
2020-09-13 17:21:54,283 : DEBUG : FileCat поставил элемент 'money_img'
2020-09-13 17:21:54,284 : DEBUG : FileCat полностью готов к работе!!!
2020-09-13 17:21:54,284 : INFO : ---- Стадия пользования -----------------------------------
2020-09-13 17:21:56,356 : INFO : ---- Стадия закрытия --------------------------------------
2020-09-13 17:21:56,357 : DEBUG : FileCat был выключен
