2020-09-13 17:30:22,377 : INFO : ---- Стадия загрузки --------------------------------------
2020-09-13 17:30:22,377 : DEBUG : FileCat загрузил библеотеки
2020-09-13 17:30:22,378 : DEBUG : FileCat загрузил файлы конфигурации
2020-09-13 17:30:22,379 : DEBUG : FileCat загрузил пользовательские сохранения
2020-09-13 17:30:22,379 : DEBUG : FileCat загрузил языковой словарь
2020-09-13 17:30:22,532 : DEBUG : FileCat успешно создал окно
2020-09-13 17:30:22,535 : DEBUG : FileCat загрузил элемент окна под названием 'language_change_B'
2020-09-13 17:30:22,536 : DEBUG : FileCat загрузил элемент окна под названием 'version_text_var'
2020-09-13 17:30:22,538 : DEBUG : FileCat загрузил элемент окна под названием 'bit_progressbar'
2020-09-13 17:30:22,539 : DEBUG : FileCat загрузил элемент окна под названием 'bit_progressbar_value_text'
2020-09-13 17:30:22,539 : DEBUG : FileCat загрузил элемент окна под названием 'money_vaule_text'
2020-09-13 17:30:22,590 : DEBUG : STREAM b'IHDR' 16 13
2020-09-13 17:30:22,590 : DEBUG : STREAM b'zTXt' 41 113
2020-09-13 17:30:22,591 : DEBUG : STREAM b'pHYs' 166 9
2020-09-13 17:30:22,591 : DEBUG : STREAM b'IDAT' 187 2459
2020-09-13 17:30:22,607 : DEBUG : FileCat загрузил элемент окна под названием 'money_img'
2020-09-13 17:30:22,607 : DEBUG : FileCat загрузил функцию 'language_change_click'
2020-09-13 17:30:22,608 : DEBUG : FileCat загрузил функцию 'loading_text_language'
2020-09-13 17:30:22,608 : DEBUG : FileCat забиндил 'language_change_B' к функцие 'language_change_click'
2020-09-13 17:30:22,608 : DEBUG : FileCat поставил элемент 'language_change_B'
2020-09-13 17:30:22,608 : DEBUG : FileCat поставил элемент 'version_text_var'
2020-09-13 17:30:22,608 : DEBUG : FileCat поставил элемент 'bit_progressbar'
2020-09-13 17:30:22,609 : DEBUG : FileCat поставил элемент 'bit_progressbar_value_text'
2020-09-13 17:30:22,609 : DEBUG : FileCat поставил элемент 'money_vaule_text'
2020-09-13 17:30:22,609 : DEBUG : FileCat поставил элемент 'money_img'
2020-09-13 17:30:22,609 : DEBUG : FileCat полностью готов к работе!!!
2020-09-13 17:30:22,610 : INFO : ---- Стадия пользования -----------------------------------
2020-09-13 17:30:29,137 : INFO : ---- Стадия закрытия --------------------------------------
2020-09-13 17:30:29,137 : DEBUG : FileCat был выключен
