2020-09-13 17:48:00,607 : INFO : ---- Стадия загрузки --------------------------------------
2020-09-13 17:48:00,607 : DEBUG : FileCat загрузил библеотеки
2020-09-13 17:48:00,608 : DEBUG : FileCat загрузил файлы конфигурации
2020-09-13 17:48:00,609 : DEBUG : FileCat загрузил пользовательские сохранения
2020-09-13 17:48:00,609 : DEBUG : FileCat загрузил языковой словарь
2020-09-13 17:48:00,748 : DEBUG : FileCat успешно создал окно
2020-09-13 17:48:00,751 : DEBUG : FileCat загрузил элемент окна под названием 'language_change_B'
2020-09-13 17:48:00,752 : DEBUG : FileCat загрузил элемент окна под названием 'version_text_var'
2020-09-13 17:48:00,755 : DEBUG : FileCat загрузил элемент окна под названием 'bit_progressbar'
2020-09-13 17:48:00,756 : DEBUG : FileCat загрузил элемент окна под названием 'bit_progressbar_value_text'
2020-09-13 17:48:00,756 : DEBUG : FileCat загрузил элемент окна под названием 'money_vaule_text'
2020-09-13 17:48:00,757 : DEBUG : FileCat загрузил элемент окна под названием 'money_img'
2020-09-13 17:48:00,757 : DEBUG : FileCat загрузил функцию 'language_change_click'
2020-09-13 17:48:00,757 : DEBUG : FileCat загрузил функцию 'loading_text_language'
2020-09-13 17:48:00,757 : DEBUG : FileCat забиндил 'language_change_B' к функцие 'language_change_click'
2020-09-13 17:48:00,758 : DEBUG : FileCat поставил элемент 'language_change_B'
2020-09-13 17:48:00,758 : DEBUG : FileCat поставил элемент 'version_text_var'
2020-09-13 17:48:00,758 : DEBUG : FileCat поставил элемент 'bit_progressbar'
2020-09-13 17:48:00,758 : DEBUG : FileCat поставил элемент 'bit_progressbar_value_text'
2020-09-13 17:48:00,759 : DEBUG : FileCat поставил элемент 'money_vaule_text'
2020-09-13 17:48:00,759 : DEBUG : FileCat полностью готов к работе!!!
2020-09-13 17:48:00,759 : INFO : ---- Стадия пользования -----------------------------------
2020-09-13 17:48:01,870 : INFO : ---- Стадия закрытия --------------------------------------
2020-09-13 17:48:01,870 : DEBUG : FileCat был выключен
