2020-09-13 17:31:48,188 : INFO : ---- Стадия загрузки --------------------------------------
2020-09-13 17:31:48,188 : DEBUG : FileCat загрузил библеотеки
2020-09-13 17:31:48,189 : DEBUG : FileCat загрузил файлы конфигурации
2020-09-13 17:31:48,190 : DEBUG : FileCat загрузил пользовательские сохранения
2020-09-13 17:31:48,190 : DEBUG : FileCat загрузил языковой словарь
2020-09-13 17:31:48,347 : DEBUG : FileCat успешно создал окно
2020-09-13 17:31:48,350 : DEBUG : FileCat загрузил элемент окна под названием 'language_change_B'
2020-09-13 17:31:48,351 : DEBUG : FileCat загрузил элемент окна под названием 'version_text_var'
2020-09-13 17:31:48,353 : DEBUG : FileCat загрузил элемент окна под названием 'bit_progressbar'
2020-09-13 17:31:48,353 : DEBUG : FileCat загрузил элемент окна под названием 'bit_progressbar_value_text'
2020-09-13 17:31:48,354 : DEBUG : FileCat загрузил элемент окна под названием 'money_vaule_text'
2020-09-13 17:31:48,404 : DEBUG : STREAM b'IHDR' 16 13
2020-09-13 17:31:48,404 : DEBUG : STREAM b'zTXt' 41 113
2020-09-13 17:31:48,405 : DEBUG : STREAM b'pHYs' 166 9
2020-09-13 17:31:48,405 : DEBUG : STREAM b'IDAT' 187 2459
2020-09-13 17:31:48,421 : DEBUG : FileCat загрузил элемент окна под названием 'money_img'
2020-09-13 17:31:48,421 : DEBUG : FileCat загрузил функцию 'language_change_click'
2020-09-13 17:31:48,421 : DEBUG : FileCat загрузил функцию 'loading_text_language'
2020-09-13 17:31:48,421 : DEBUG : FileCat забиндил 'language_change_B' к функцие 'language_change_click'
2020-09-13 17:31:48,422 : DEBUG : FileCat поставил элемент 'language_change_B'
2020-09-13 17:31:48,422 : DEBUG : FileCat поставил элемент 'version_text_var'
2020-09-13 17:31:48,422 : DEBUG : FileCat поставил элемент 'bit_progressbar'
2020-09-13 17:31:48,422 : DEBUG : FileCat поставил элемент 'bit_progressbar_value_text'
2020-09-13 17:31:48,422 : DEBUG : FileCat поставил элемент 'money_vaule_text'
2020-09-13 17:31:48,423 : DEBUG : FileCat поставил элемент 'money_img'
2020-09-13 17:31:48,423 : DEBUG : FileCat полностью готов к работе!!!
2020-09-13 17:31:48,423 : INFO : ---- Стадия пользования -----------------------------------
2020-09-13 17:32:31,988 : INFO : ---- Стадия закрытия --------------------------------------
2020-09-13 17:32:31,989 : DEBUG : FileCat был выключен
