2020-09-13 17:25:44,939 : INFO : ---- Стадия загрузки --------------------------------------
2020-09-13 17:25:44,939 : DEBUG : FileCat загрузил библеотеки
2020-09-13 17:25:44,940 : DEBUG : FileCat загрузил файлы конфигурации
2020-09-13 17:25:44,941 : DEBUG : FileCat загрузил пользовательские сохранения
2020-09-13 17:25:44,941 : DEBUG : FileCat загрузил языковой словарь
2020-09-13 17:25:45,081 : DEBUG : FileCat успешно создал окно
2020-09-13 17:25:45,084 : DEBUG : FileCat загрузил элемент окна под названием 'language_change_B'
2020-09-13 17:25:45,084 : DEBUG : FileCat загрузил элемент окна под названием 'version_text_var'
2020-09-13 17:25:45,086 : DEBUG : FileCat загрузил элемент окна под названием 'bit_progressbar'
2020-09-13 17:25:45,091 : DEBUG : FileCat загрузил элемент окна под названием 'bit_progressbar_value_text'
2020-09-13 17:25:45,091 : DEBUG : FileCat загрузил элемент окна под названием 'money_vaule_text'
2020-09-13 17:25:45,134 : DEBUG : STREAM b'IHDR' 16 13
2020-09-13 17:25:45,134 : DEBUG : STREAM b'zTXt' 41 113
2020-09-13 17:25:45,135 : DEBUG : STREAM b'pHYs' 166 9
2020-09-13 17:25:45,135 : DEBUG : STREAM b'IDAT' 187 2459
2020-09-13 17:25:45,149 : DEBUG : FileCat загрузил элемент окна под названием 'money_img'
2020-09-13 17:25:45,149 : DEBUG : FileCat загрузил функцию 'language_change_click'
2020-09-13 17:25:45,149 : DEBUG : FileCat загрузил функцию 'loading_text_language'
2020-09-13 17:25:45,150 : DEBUG : FileCat забиндил 'language_change_B' к функцие 'language_change_click'
2020-09-13 17:25:45,150 : DEBUG : FileCat поставил элемент 'language_change_B'
2020-09-13 17:25:45,150 : DEBUG : FileCat поставил элемент 'version_text_var'
2020-09-13 17:25:45,150 : DEBUG : FileCat поставил элемент 'bit_progressbar'
2020-09-13 17:25:45,150 : DEBUG : FileCat поставил элемент 'bit_progressbar_value_text'
2020-09-13 17:25:45,151 : DEBUG : FileCat поставил элемент 'money_vaule_text'
2020-09-13 17:25:45,151 : DEBUG : FileCat поставил элемент 'money_img'
2020-09-13 17:25:45,151 : DEBUG : FileCat полностью готов к работе!!!
2020-09-13 17:25:45,151 : INFO : ---- Стадия пользования -----------------------------------
2020-09-13 17:25:47,149 : INFO : ---- Стадия закрытия --------------------------------------
2020-09-13 17:25:47,149 : DEBUG : FileCat был выключен
