2020-09-13 17:11:38,052 : INFO : ---- Стадия загрузки --------------------------------------
2020-09-13 17:11:38,052 : DEBUG : FileCat загрузил библеотеки
2020-09-13 17:11:38,053 : DEBUG : FileCat загрузил файлы конфигурации
2020-09-13 17:11:38,054 : DEBUG : FileCat загрузил пользовательские сохранения
2020-09-13 17:11:38,054 : DEBUG : FileCat загрузил языковой словарь
2020-09-13 17:11:38,192 : DEBUG : FileCat успешно создал окно
2020-09-13 17:11:38,195 : DEBUG : FileCat загрузил элемент окна под названием 'language_change_B'
2020-09-13 17:11:38,195 : DEBUG : FileCat загрузил элемент окна под названием 'version_text_var'
2020-09-13 17:11:38,197 : DEBUG : FileCat загрузил элемент окна под названием 'bit_progressbar'
2020-09-13 17:11:38,214 : DEBUG : FileCat загрузил элемент окна под названием 'bit_progressbar_value_text'
2020-09-13 17:11:38,215 : DEBUG : FileCat загрузил элемент окна под названием 'money_vaule_text'
2020-09-13 17:11:38,215 : DEBUG : FileCat загрузил функцию 'language_change_click'
2020-09-13 17:11:38,215 : DEBUG : FileCat загрузил функцию 'loading_text_language'
2020-09-13 17:11:38,216 : DEBUG : FileCat забиндил 'language_change_B' к функцие 'language_change_click'
2020-09-13 17:11:38,216 : DEBUG : FileCat поставил элемент 'language_change_B'
2020-09-13 17:11:38,216 : DEBUG : FileCat поставил элемент 'version_text_var'
2020-09-13 17:11:38,216 : DEBUG : FileCat поставил элемент 'bit_progressbar'
2020-09-13 17:11:38,216 : DEBUG : FileCat поставил элемент 'bit_progressbar_value_text'
2020-09-13 17:11:38,217 : DEBUG : FileCat поставил элемент 'money_vaule_text'
2020-09-13 17:11:38,217 : DEBUG : FileCat полностью готов к работе!!!
2020-09-13 17:11:38,217 : INFO : ---- Стадия пользования -----------------------------------
2020-09-13 17:11:41,438 : INFO : ---- Стадия закрытия --------------------------------------
2020-09-13 17:11:41,438 : DEBUG : FileCat был выключен
