2020-09-12 18:01:00,910 : INFO : ---- Стадия загрузки --------------------------------------
2020-09-12 18:01:00,911 : DEBUG : FileCat загрузил библеотеки
2020-09-12 18:01:00,911 : DEBUG : FileCat загрузил пользовательские сохранения
2020-09-12 18:01:00,912 : DEBUG : FileCat загрузил языковой словарь
2020-09-12 18:01:01,055 : DEBUG : FileCat успешно создал окно
2020-09-12 18:01:01,058 : DEBUG : FileCat загрузил элемент окна под названием 'language_change_B'
2020-09-12 18:01:01,058 : DEBUG : FileCat загрузил элемент окна под названием 'version_text_var'
2020-09-12 18:01:01,061 : DEBUG : FileCat загрузил элемент окна под названием 'bit_progressbar'
2020-09-12 18:01:01,062 : DEBUG : FileCat загрузил элемент окна под названием 'bit_progressbar_value_text'
2020-09-12 18:01:01,062 : DEBUG : FileCat загрузил элемент окна под названием 'money_vaule_text'
2020-09-12 18:01:01,062 : DEBUG : FileCat загрузил функцию 'language_change_click'
2020-09-12 18:01:01,062 : DEBUG : FileCat загрузил функцию 'loading_text_language'
2020-09-12 18:01:01,063 : DEBUG : FileCat забиндил 'language_change_B' к функцие 'language_change_click'
2020-09-12 18:01:01,063 : DEBUG : FileCat поставил элемент 'language_change_B'
2020-09-12 18:01:01,063 : DEBUG : FileCat поставил элемент 'version_text_var'
2020-09-12 18:01:01,063 : DEBUG : FileCat поставил элемент 'bit_progressbar'
2020-09-12 18:01:01,064 : DEBUG : FileCat поставил элемент 'bit_progressbar_value_text'
2020-09-12 18:01:01,064 : DEBUG : FileCat поставил элемент 'money_vaule_text'
2020-09-12 18:01:01,064 : DEBUG : FileCat полностью готов к работе!!!
2020-09-12 18:01:01,064 : INFO : ---- Стадия пользования -----------------------------------
2020-09-12 18:01:03,600 : DEBUG : FileCat сменил язык
2020-09-12 18:01:03,601 : INFO : ---- Стадия закрытия --------------------------------------
2020-09-12 18:01:03,601 : DEBUG : FileCat был выключен
